<component name="libraryTable">
  <library name="junit-platform-console-standalone-1.7.1">
    <CLASSES />
    <JAVADOC />
    <SOURCES />
  </library>
</component>